  [1m[35m (228.6ms)[0m  [1m[35mCREATE DATABASE "linkshortener_development" ENCODING = 'unicode'[0m
  [1m[35m (35.2ms)[0m  [1m[35mCREATE DATABASE "linkshortener_test" ENCODING = 'unicode'[0m
Started GET "/" for 127.0.0.1 at 2023-05-02 11:51:48 -0400
Processing by Rails::WelcomeController#index as HTML
  Rendering vendor/cache/ruby/2.7.0/gems/railties-6.1.7.3/lib/rails/templates/rails/welcome/index.html.erb
  Rendered vendor/cache/ruby/2.7.0/gems/railties-6.1.7.3/lib/rails/templates/rails/welcome/index.html.erb (Duration: 3.6ms | Allocations: 448)
Completed 200 OK in 10ms (Views: 5.4ms | ActiveRecord: 0.0ms | Allocations: 3654)


  [1m[35m (23.7ms)[0m  [1m[35mCREATE TABLE "schema_migrations" ("version" character varying NOT NULL PRIMARY KEY)[0m
  [1m[35m (5.8ms)[0m  [1m[35mCREATE TABLE "ar_internal_metadata" ("key" character varying NOT NULL PRIMARY KEY, "value" character varying, "created_at" timestamp(6) NOT NULL, "updated_at" timestamp(6) NOT NULL)[0m
  [1m[35m (0.1ms)[0m  [1m[34mSELECT pg_try_advisory_lock(3300464386871224335)[0m
  [1m[35m (0.4ms)[0m  [1m[34mSELECT "schema_migrations"."version" FROM "schema_migrations" ORDER BY "schema_migrations"."version" ASC[0m
Migrating to CreateLongToShortUrls (20230502155313)
  [1m[36mTRANSACTION (0.1ms)[0m  [1m[35mBEGIN[0m
  [1m[35m (9.0ms)[0m  [1m[35mCREATE TABLE "long_to_short_urls" ("id" bigserial primary key, "original_url" character varying, "short_url" character varying, "created_at" timestamp(6) NOT NULL, "updated_at" timestamp(6) NOT NULL)[0m
  [1m[36mActiveRecord::SchemaMigration Create (0.5ms)[0m  [1m[32mINSERT INTO "schema_migrations" ("version") VALUES ($1) RETURNING "version"[0m  [["version", "20230502155313"]]
  [1m[36mTRANSACTION (0.5ms)[0m  [1m[35mCOMMIT[0m
Migrating to CreateVisitors (20230502155445)
  [1m[36mTRANSACTION (0.2ms)[0m  [1m[35mBEGIN[0m
  [1m[35m (5.8ms)[0m  [1m[35mCREATE TABLE "visitors" ("id" bigserial primary key, "long_to_short_url_id" bigint NOT NULL, "ip_address" character varying, "counter" integer DEFAULT 0, "created_at" timestamp(6) NOT NULL, "updated_at" timestamp(6) NOT NULL, CONSTRAINT "fk_rails_67f5606fcc"
FOREIGN KEY ("long_to_short_url_id")
  REFERENCES "long_to_short_urls" ("id")
)[0m
  [1m[35m (0.9ms)[0m  [1m[35mCREATE INDEX "index_visitors_on_long_to_short_url_id" ON "visitors" ("long_to_short_url_id")[0m
  [1m[36mActiveRecord::SchemaMigration Create (0.2ms)[0m  [1m[32mINSERT INTO "schema_migrations" ("version") VALUES ($1) RETURNING "version"[0m  [["version", "20230502155445"]]
  [1m[36mTRANSACTION (0.4ms)[0m  [1m[35mCOMMIT[0m
  [1m[36mActiveRecord::InternalMetadata Load (0.3ms)[0m  [1m[34mSELECT "ar_internal_metadata".* FROM "ar_internal_metadata" WHERE "ar_internal_metadata"."key" = $1 LIMIT $2[0m  [["key", "environment"], ["LIMIT", 1]]
  [1m[36mTRANSACTION (0.1ms)[0m  [1m[35mBEGIN[0m
  [1m[36mActiveRecord::InternalMetadata Create (1.8ms)[0m  [1m[32mINSERT INTO "ar_internal_metadata" ("key", "value", "created_at", "updated_at") VALUES ($1, $2, $3, $4) RETURNING "key"[0m  [["key", "environment"], ["value", "development"], ["created_at", "2023-05-02 15:56:28.188997"], ["updated_at", "2023-05-02 15:56:28.188997"]]
  [1m[36mTRANSACTION (0.2ms)[0m  [1m[35mCOMMIT[0m
  [1m[35m (0.3ms)[0m  [1m[34mSELECT pg_advisory_unlock(3300464386871224335)[0m
  [1m[35m (0.5ms)[0m  [1m[34mSELECT "schema_migrations"."version" FROM "schema_migrations" ORDER BY "schema_migrations"."version" ASC[0m
Started GET "/" for 127.0.0.1 at 2023-05-02 12:05:18 -0400
  [1m[35m (0.6ms)[0m  [1m[34mSELECT "schema_migrations"."version" FROM "schema_migrations" ORDER BY "schema_migrations"."version" ASC[0m
Processing by Rails::WelcomeController#index as HTML
  Rendering vendor/cache/ruby/2.7.0/gems/railties-6.1.7.3/lib/rails/templates/rails/welcome/index.html.erb
  Rendered vendor/cache/ruby/2.7.0/gems/railties-6.1.7.3/lib/rails/templates/rails/welcome/index.html.erb (Duration: 3.2ms | Allocations: 340)
Completed 200 OK in 7ms (Views: 4.1ms | ActiveRecord: 0.0ms | Allocations: 2539)


Started GET "/" for 127.0.0.1 at 2023-05-02 12:06:10 -0400
Processing by LongToShortUrlsController#new as HTML
  Rendering layout layouts/application.html.erb
  Rendering long_to_short_urls/new.html.erb within layouts/application
  Rendered long_to_short_urls/new.html.erb within layouts/application (Duration: 9.3ms | Allocations: 4220)
[Webpacker] Compiling...
[Webpacker] Compiled all packs in /Users/anjali/Project/linkshortener/public/packs
[Webpacker] Hash: 804a8059a304061a3e74
Version: webpack 4.46.0
Time: 1069ms
Built at: 05/02/2023 12:06:12 PM
                                     Asset       Size       Chunks                         Chunk Names
    js/application-271cf8931bb708d2d8bb.js    121 KiB  application  [emitted] [immutable]  application
js/application-271cf8931bb708d2d8bb.js.map    133 KiB  application  [emitted] [dev]        application
                             manifest.json  364 bytes               [emitted]              
Entrypoint application = js/application-271cf8931bb708d2d8bb.js js/application-271cf8931bb708d2d8bb.js.map
[./app/javascript/channels sync recursive _channel\.js$] ./app/javascript/channels sync _channel\.js$ 160 bytes {application} [built]
[./app/javascript/channels/index.js] 211 bytes {application} [built]
[./app/javascript/packs/application.js] 493 bytes {application} [built]
    + 3 hidden modules

  Rendered layout layouts/application.html.erb (Duration: 2590.8ms | Allocations: 21259)
Completed 200 OK in 2605ms (Views: 2591.9ms | ActiveRecord: 7.2ms | Allocations: 27820)


Started GET "/" for 127.0.0.1 at 2023-05-02 12:07:21 -0400
Processing by LongToShortUrlsController#new as HTML
  Rendering layout layouts/application.html.erb
  Rendering long_to_short_urls/new.html.erb within layouts/application
  Rendered long_to_short_urls/new.html.erb within layouts/application (Duration: 1.3ms | Allocations: 600)
[Webpacker] Everything's up-to-date. Nothing to do
  Rendered layout layouts/application.html.erb (Duration: 22.6ms | Allocations: 11318)
Completed 200 OK in 24ms (Views: 23.0ms | ActiveRecord: 0.0ms | Allocations: 11710)


Started GET "/" for 127.0.0.1 at 2023-05-02 12:13:33 -0400
Processing by LongToShortUrlsController#new as HTML
  Rendering layout layouts/application.html.erb
  Rendering long_to_short_urls/new.html.erb within layouts/application
  Rendered long_to_short_urls/new.html.erb within layouts/application (Duration: 1.5ms | Allocations: 1012)
[Webpacker] Everything's up-to-date. Nothing to do
  Rendered layout layouts/application.html.erb (Duration: 7.1ms | Allocations: 4734)
Completed 200 OK in 33ms (Views: 8.4ms | ActiveRecord: 9.4ms | Allocations: 14636)


Started POST "/long_to_short_urls" for 127.0.0.1 at 2023-05-02 12:13:57 -0400
Processing by LongToShortUrlsController#create as HTML
  Parameters: {"authenticity_token"=>"[FILTERED]", "long_to_short_url"=>{"original_url"=>"https://guides.rubyonrails.org/getting_started.html"}, "commit"=>"Create Long to short url"}
  [1m[36mTRANSACTION (1.1ms)[0m  [1m[35mBEGIN[0m
  ↳ app/controllers/long_to_short_urls_controller.rb:26:in `create'
  [1m[36mLongToShortUrl Create (7.1ms)[0m  [1m[32mINSERT INTO "long_to_short_urls" ("original_url", "created_at", "updated_at") VALUES ($1, $2, $3) RETURNING "id"[0m  [["original_url", "https://guides.rubyonrails.org/getting_started.html"], ["created_at", "2023-05-02 16:13:57.230076"], ["updated_at", "2023-05-02 16:13:57.230076"]]
  ↳ app/controllers/long_to_short_urls_controller.rb:26:in `create'
  [1m[36mTRANSACTION (2.2ms)[0m  [1m[35mCOMMIT[0m
  ↳ app/controllers/long_to_short_urls_controller.rb:26:in `create'
Redirected to http://127.0.0.1:3000/long_to_short_urls/1
Completed 302 Found in 18ms (ActiveRecord: 10.4ms | Allocations: 4161)


Started GET "/long_to_short_urls/1" for 127.0.0.1 at 2023-05-02 12:13:57 -0400
Processing by LongToShortUrlsController#show as HTML
  Parameters: {"id"=>"1"}
  [1m[36mLongToShortUrl Load (0.9ms)[0m  [1m[34mSELECT "long_to_short_urls".* FROM "long_to_short_urls" WHERE "long_to_short_urls"."id" = $1 LIMIT $2[0m  [["id", 1], ["LIMIT", 1]]
  ↳ app/controllers/long_to_short_urls_controller.rb:7:in `show'
Completed 500 Internal Server Error in 13ms (ActiveRecord: 1.9ms | Allocations: 4809)


  
NoMethodError (undefined method `visitors' for #<LongToShortUrl:0x000000014b054cf8>):
  
app/controllers/long_to_short_urls_controller.rb:9:in `show'
  [1m[36mLongToShortUrl Load (0.7ms)[0m  [1m[34mSELECT "long_to_short_urls".* FROM "long_to_short_urls" WHERE "long_to_short_urls"."id" = $1 LIMIT $2[0m  [["id", 1], ["LIMIT", 1]]
  [1m[36mVisitor Load (1.6ms)[0m  [1m[34mSELECT "visitors".* FROM "visitors" WHERE "visitors"."long_to_short_url_id" = $1 /* loading for inspect */ LIMIT $2[0m  [["long_to_short_url_id", 1], ["LIMIT", 11]]
Started GET "/long_to_short_urls/1" for 127.0.0.1 at 2023-05-02 12:15:48 -0400
Processing by LongToShortUrlsController#show as HTML
  Parameters: {"id"=>"1"}
  [1m[36mLongToShortUrl Load (0.6ms)[0m  [1m[34mSELECT "long_to_short_urls".* FROM "long_to_short_urls" WHERE "long_to_short_urls"."id" = $1 LIMIT $2[0m  [["id", 1], ["LIMIT", 1]]
  ↳ app/controllers/long_to_short_urls_controller.rb:7:in `show'
  [1m[36mVisitor Load (1.1ms)[0m  [1m[34mSELECT "visitors".* FROM "visitors" WHERE "visitors"."long_to_short_url_id" = $1 AND "visitors"."ip_address" = $2 LIMIT $3[0m  [["long_to_short_url_id", 1], ["ip_address", "127.0.0.1"], ["LIMIT", 1]]
  ↳ app/controllers/long_to_short_urls_controller.rb:9:in `show'
  [1m[36mTRANSACTION (0.8ms)[0m  [1m[35mBEGIN[0m
  ↳ app/controllers/long_to_short_urls_controller.rb:11:in `show'
  [1m[36mVisitor Create (4.7ms)[0m  [1m[32mINSERT INTO "visitors" ("long_to_short_url_id", "ip_address", "created_at", "updated_at") VALUES ($1, $2, $3, $4) RETURNING "id"[0m  [["long_to_short_url_id", 1], ["ip_address", "127.0.0.1"], ["created_at", "2023-05-02 16:15:48.916760"], ["updated_at", "2023-05-02 16:15:48.916760"]]
  ↳ app/controllers/long_to_short_urls_controller.rb:11:in `show'
  [1m[36mTRANSACTION (0.5ms)[0m  [1m[35mCOMMIT[0m
  ↳ app/controllers/long_to_short_urls_controller.rb:11:in `show'
Redirected to https://guides.rubyonrails.org/getting_started.html
Completed 302 Found in 38ms (ActiveRecord: 20.5ms | Allocations: 19220)


Started GET "/long_to_short_urls/1" for 127.0.0.1 at 2023-05-02 12:18:01 -0400
Processing by LongToShortUrlsController#show as HTML
  Parameters: {"id"=>"1"}
  [1m[36mLongToShortUrl Load (0.7ms)[0m  [1m[34mSELECT "long_to_short_urls".* FROM "long_to_short_urls" WHERE "long_to_short_urls"."id" = $1 LIMIT $2[0m  [["id", 1], ["LIMIT", 1]]
  ↳ app/controllers/long_to_short_urls_controller.rb:7:in `show'
  [1m[36mVisitor Load (0.7ms)[0m  [1m[34mSELECT "visitors".* FROM "visitors" WHERE "visitors"."long_to_short_url_id" = $1 AND "visitors"."ip_address" = $2 LIMIT $3[0m  [["long_to_short_url_id", 1], ["ip_address", "127.0.0.1"], ["LIMIT", 1]]
  ↳ app/controllers/long_to_short_urls_controller.rb:9:in `show'
  [1m[36mTRANSACTION (0.9ms)[0m  [1m[35mBEGIN[0m
  ↳ app/controllers/long_to_short_urls_controller.rb:13:in `show'
  [1m[36mVisitor Update (1.1ms)[0m  [1m[33mUPDATE "visitors" SET "counter" = $1, "updated_at" = $2 WHERE "visitors"."id" = $3[0m  [["counter", 1], ["updated_at", "2023-05-02 16:18:02.003465"], ["id", 1]]
  ↳ app/controllers/long_to_short_urls_controller.rb:13:in `show'
  [1m[36mTRANSACTION (1.1ms)[0m  [1m[35mCOMMIT[0m
  ↳ app/controllers/long_to_short_urls_controller.rb:13:in `show'
Redirected to https://guides.rubyonrails.org/getting_started.html
Completed 302 Found in 29ms (ActiveRecord: 13.9ms | Allocations: 15141)


Started GET "/long_to_short_urls/1" for 127.0.0.1 at 2023-05-02 12:18:02 -0400
Processing by LongToShortUrlsController#show as HTML
  Parameters: {"id"=>"1"}
  [1m[36mLongToShortUrl Load (0.7ms)[0m  [1m[34mSELECT "long_to_short_urls".* FROM "long_to_short_urls" WHERE "long_to_short_urls"."id" = $1 LIMIT $2[0m  [["id", 1], ["LIMIT", 1]]
  ↳ app/controllers/long_to_short_urls_controller.rb:7:in `show'
  [1m[36mVisitor Load (0.7ms)[0m  [1m[34mSELECT "visitors".* FROM "visitors" WHERE "visitors"."long_to_short_url_id" = $1 AND "visitors"."ip_address" = $2 LIMIT $3[0m  [["long_to_short_url_id", 1], ["ip_address", "127.0.0.1"], ["LIMIT", 1]]
  ↳ app/controllers/long_to_short_urls_controller.rb:9:in `show'
  [1m[36mTRANSACTION (0.6ms)[0m  [1m[35mBEGIN[0m
  ↳ app/controllers/long_to_short_urls_controller.rb:13:in `show'
  [1m[36mVisitor Update (0.9ms)[0m  [1m[33mUPDATE "visitors" SET "counter" = $1, "updated_at" = $2 WHERE "visitors"."id" = $3[0m  [["counter", 2], ["updated_at", "2023-05-02 16:18:02.037270"], ["id", 1]]
  ↳ app/controllers/long_to_short_urls_controller.rb:13:in `show'
  [1m[36mTRANSACTION (0.6ms)[0m  [1m[35mCOMMIT[0m
  ↳ app/controllers/long_to_short_urls_controller.rb:13:in `show'
Redirected to https://guides.rubyonrails.org/getting_started.html
Completed 302 Found in 8ms (ActiveRecord: 3.6ms | Allocations: 5963)


Started GET "/" for 127.0.0.1 at 2023-05-02 12:18:03 -0400
Processing by LongToShortUrlsController#new as HTML
  Rendering layout layouts/application.html.erb
  Rendering long_to_short_urls/new.html.erb within layouts/application
  Rendered long_to_short_urls/new.html.erb within layouts/application (Duration: 4.5ms | Allocations: 1093)
[Webpacker] Everything's up-to-date. Nothing to do
  Rendered layout layouts/application.html.erb (Duration: 22.2ms | Allocations: 4969)
Completed 200 OK in 27ms (Views: 25.0ms | ActiveRecord: 0.0ms | Allocations: 6154)


Started GET "/" for 127.0.0.1 at 2023-05-02 12:18:03 -0400
Processing by LongToShortUrlsController#new as HTML
  Rendering layout layouts/application.html.erb
  Rendering long_to_short_urls/new.html.erb within layouts/application
  Rendered long_to_short_urls/new.html.erb within layouts/application (Duration: 0.7ms | Allocations: 600)
[Webpacker] Everything's up-to-date. Nothing to do
  Rendered layout layouts/application.html.erb (Duration: 3.6ms | Allocations: 4177)
Completed 200 OK in 4ms (Views: 3.9ms | ActiveRecord: 0.0ms | Allocations: 4575)


Started GET "/" for 127.0.0.1 at 2023-05-02 12:18:06 -0400
Processing by LongToShortUrlsController#new as HTML
  Rendering layout layouts/application.html.erb
  Rendering long_to_short_urls/new.html.erb within layouts/application
  Rendered long_to_short_urls/new.html.erb within layouts/application (Duration: 1.8ms | Allocations: 595)
[Webpacker] Everything's up-to-date. Nothing to do
  Rendered layout layouts/application.html.erb (Duration: 10.6ms | Allocations: 4166)
Completed 200 OK in 13ms (Views: 11.3ms | ActiveRecord: 0.0ms | Allocations: 4561)


Started GET "/long_to_short_urls" for 127.0.0.1 at 2023-05-02 12:18:07 -0400
  
ActionController::RoutingError (No route matches [GET] "/long_to_short_urls"):
  
Started GET "/long_to_short_urls/" for 127.0.0.1 at 2023-05-02 12:18:09 -0400
  
ActionController::RoutingError (No route matches [GET] "/long_to_short_urls"):
  
Started GET "/long_to_short_urls/1" for 127.0.0.1 at 2023-05-02 12:18:10 -0400
Processing by LongToShortUrlsController#show as HTML
  Parameters: {"id"=>"1"}
  [1m[36mLongToShortUrl Load (1.2ms)[0m  [1m[34mSELECT "long_to_short_urls".* FROM "long_to_short_urls" WHERE "long_to_short_urls"."id" = $1 LIMIT $2[0m  [["id", 1], ["LIMIT", 1]]
  ↳ app/controllers/long_to_short_urls_controller.rb:7:in `show'
  [1m[36mVisitor Load (1.4ms)[0m  [1m[34mSELECT "visitors".* FROM "visitors" WHERE "visitors"."long_to_short_url_id" = $1 AND "visitors"."ip_address" = $2 LIMIT $3[0m  [["long_to_short_url_id", 1], ["ip_address", "127.0.0.1"], ["LIMIT", 1]]
  ↳ app/controllers/long_to_short_urls_controller.rb:9:in `show'
  [1m[36mTRANSACTION (1.5ms)[0m  [1m[35mBEGIN[0m
  ↳ app/controllers/long_to_short_urls_controller.rb:13:in `show'
  [1m[36mVisitor Update (1.6ms)[0m  [1m[33mUPDATE "visitors" SET "counter" = $1, "updated_at" = $2 WHERE "visitors"."id" = $3[0m  [["counter", 3], ["updated_at", "2023-05-02 16:18:10.086663"], ["id", 1]]
  ↳ app/controllers/long_to_short_urls_controller.rb:13:in `show'
  [1m[36mTRANSACTION (1.6ms)[0m  [1m[35mCOMMIT[0m
  ↳ app/controllers/long_to_short_urls_controller.rb:13:in `show'
Redirected to https://guides.rubyonrails.org/getting_started.html
Completed 302 Found in 18ms (ActiveRecord: 7.3ms | Allocations: 5962)


Started GET "/long_to_short_urls/1/info" for 127.0.0.1 at 2023-05-02 12:18:12 -0400
Processing by LongToShortUrlsController#info as HTML
  Parameters: {"id"=>"1"}
  [1m[36mLongToShortUrl Load (1.6ms)[0m  [1m[34mSELECT "long_to_short_urls".* FROM "long_to_short_urls" WHERE "long_to_short_urls"."id" = $1 LIMIT $2[0m  [["id", 1], ["LIMIT", 1]]
  ↳ app/controllers/long_to_short_urls_controller.rb:40:in `info'
  Rendering layout layouts/application.html.erb
  Rendering long_to_short_urls/info.html.erb within layouts/application
  [1m[36mVisitor Load (1.4ms)[0m  [1m[34mSELECT "visitors".* FROM "visitors" WHERE "visitors"."long_to_short_url_id" = $1[0m  [["long_to_short_url_id", 1]]
  ↳ app/views/long_to_short_urls/info.html.erb:10
  Rendered long_to_short_urls/info.html.erb within layouts/application (Duration: 5.4ms | Allocations: 1429)
[Webpacker] Everything's up-to-date. Nothing to do
  Rendered layout layouts/application.html.erb (Duration: 13.6ms | Allocations: 5015)
Completed 200 OK in 24ms (Views: 13.2ms | ActiveRecord: 3.0ms | Allocations: 7148)


Started GET "/long_to_short_urls/1/info" for 127.0.0.1 at 2023-05-02 12:19:02 -0400
Processing by LongToShortUrlsController#info as HTML
  Parameters: {"id"=>"1"}
  [1m[36mLongToShortUrl Load (0.8ms)[0m  [1m[34mSELECT "long_to_short_urls".* FROM "long_to_short_urls" WHERE "long_to_short_urls"."id" = $1 LIMIT $2[0m  [["id", 1], ["LIMIT", 1]]
  ↳ app/controllers/long_to_short_urls_controller.rb:40:in `info'
  Rendering layout layouts/application.html.erb
  Rendering long_to_short_urls/info.html.erb within layouts/application
  [1m[36mVisitor Load (1.1ms)[0m  [1m[34mSELECT "visitors".* FROM "visitors" WHERE "visitors"."long_to_short_url_id" = $1[0m  [["long_to_short_url_id", 1]]
  ↳ app/views/long_to_short_urls/info.html.erb:10
  Rendered long_to_short_urls/info.html.erb within layouts/application (Duration: 2.1ms | Allocations: 1232)
[Webpacker] Everything's up-to-date. Nothing to do
  Rendered layout layouts/application.html.erb (Duration: 22.0ms | Allocations: 12213)
Completed 200 OK in 28ms (Views: 21.3ms | ActiveRecord: 1.9ms | Allocations: 14066)


Started GET "/long_to_short_urls/1/info" for 127.0.0.1 at 2023-05-02 12:20:16 -0400
Processing by LongToShortUrlsController#info as HTML
  Parameters: {"id"=>"1"}
  [1m[36mLongToShortUrl Load (0.5ms)[0m  [1m[34mSELECT "long_to_short_urls".* FROM "long_to_short_urls" WHERE "long_to_short_urls"."id" = $1 LIMIT $2[0m  [["id", 1], ["LIMIT", 1]]
  ↳ app/controllers/long_to_short_urls_controller.rb:40:in `info'
  Rendering layout layouts/application.html.erb
  Rendering long_to_short_urls/info.html.erb within layouts/application
  [1m[36mVisitor Load (0.6ms)[0m  [1m[34mSELECT "visitors".* FROM "visitors" WHERE "visitors"."long_to_short_url_id" = $1[0m  [["long_to_short_url_id", 1]]
  ↳ app/views/long_to_short_urls/info.html.erb:10
  Rendered long_to_short_urls/info.html.erb within layouts/application (Duration: 5.6ms | Allocations: 4623)
[Webpacker] Everything's up-to-date. Nothing to do
  Rendered layout layouts/application.html.erb (Duration: 8.7ms | Allocations: 8103)
Completed 200 OK in 22ms (Views: 6.7ms | ActiveRecord: 8.7ms | Allocations: 16205)


Started GET "/" for 127.0.0.1 at 2023-05-02 12:20:19 -0400
Processing by LongToShortUrlsController#new as HTML
  Rendering layout layouts/application.html.erb
  Rendering long_to_short_urls/new.html.erb within layouts/application
  Rendered long_to_short_urls/new.html.erb within layouts/application (Duration: 2.2ms | Allocations: 727)
[Webpacker] Everything's up-to-date. Nothing to do
  Rendered layout layouts/application.html.erb (Duration: 9.6ms | Allocations: 4300)
Completed 200 OK in 12ms (Views: 10.2ms | ActiveRecord: 0.0ms | Allocations: 4695)


Started GET "/" for 127.0.0.1 at 2023-05-02 12:20:39 -0400
Processing by LongToShortUrlsController#new as HTML
  Rendering layout layouts/application.html.erb
  Rendering long_to_short_urls/new.html.erb within layouts/application
  Rendered long_to_short_urls/new.html.erb within layouts/application (Duration: 2.2ms | Allocations: 596)
[Webpacker] Everything's up-to-date. Nothing to do
  Rendered layout layouts/application.html.erb (Duration: 12.2ms | Allocations: 4169)
Completed 200 OK in 14ms (Views: 12.9ms | ActiveRecord: 0.0ms | Allocations: 4564)


Started POST "/long_to_short_urls" for 127.0.0.1 at 2023-05-02 12:20:42 -0400
Processing by LongToShortUrlsController#create as HTML
  Parameters: {"authenticity_token"=>"[FILTERED]", "long_to_short_url"=>{"original_url"=>"https://guides.rubyonrails.org/action_controller_overview.html"}, "commit"=>"Create Long to short url"}
  [1m[36mTRANSACTION (1.2ms)[0m  [1m[35mBEGIN[0m
  ↳ app/models/long_to_short_url.rb:10:in `generate_short_url'
  [1m[36mLongToShortUrl Exists? (1.4ms)[0m  [1m[34mSELECT 1 AS one FROM "long_to_short_urls" WHERE "long_to_short_urls"."short_url" = $1 LIMIT $2[0m  [["short_url", "a75ef55"], ["LIMIT", 1]]
  ↳ app/models/long_to_short_url.rb:10:in `generate_short_url'
  [1m[36mLongToShortUrl Create (1.4ms)[0m  [1m[32mINSERT INTO "long_to_short_urls" ("original_url", "short_url", "created_at", "updated_at") VALUES ($1, $2, $3, $4) RETURNING "id"[0m  [["original_url", "https://guides.rubyonrails.org/action_controller_overview.html"], ["short_url", "a75ef55"], ["created_at", "2023-05-02 16:20:42.802293"], ["updated_at", "2023-05-02 16:20:42.802293"]]
  ↳ app/controllers/long_to_short_urls_controller.rb:26:in `create'
  [1m[36mTRANSACTION (1.7ms)[0m  [1m[35mCOMMIT[0m
  ↳ app/controllers/long_to_short_urls_controller.rb:26:in `create'
Redirected to http://127.0.0.1:3000/long_to_short_urls/2
Completed 302 Found in 14ms (ActiveRecord: 5.7ms | Allocations: 5339)


Started GET "/long_to_short_urls/2" for 127.0.0.1 at 2023-05-02 12:20:42 -0400
Processing by LongToShortUrlsController#show as HTML
  Parameters: {"id"=>"2"}
  [1m[36mLongToShortUrl Load (0.6ms)[0m  [1m[34mSELECT "long_to_short_urls".* FROM "long_to_short_urls" WHERE "long_to_short_urls"."id" = $1 LIMIT $2[0m  [["id", 2], ["LIMIT", 1]]
  ↳ app/controllers/long_to_short_urls_controller.rb:7:in `show'
  [1m[36mVisitor Load (0.7ms)[0m  [1m[34mSELECT "visitors".* FROM "visitors" WHERE "visitors"."long_to_short_url_id" = $1 AND "visitors"."ip_address" = $2 LIMIT $3[0m  [["long_to_short_url_id", 2], ["ip_address", "127.0.0.1"], ["LIMIT", 1]]
  ↳ app/controllers/long_to_short_urls_controller.rb:9:in `show'
  [1m[36mTRANSACTION (2.7ms)[0m  [1m[35mBEGIN[0m
  ↳ app/controllers/long_to_short_urls_controller.rb:11:in `show'
  [1m[36mVisitor Create (1.1ms)[0m  [1m[32mINSERT INTO "visitors" ("long_to_short_url_id", "ip_address", "created_at", "updated_at") VALUES ($1, $2, $3, $4) RETURNING "id"[0m  [["long_to_short_url_id", 2], ["ip_address", "127.0.0.1"], ["created_at", "2023-05-02 16:20:42.832404"], ["updated_at", "2023-05-02 16:20:42.832404"]]
  ↳ app/controllers/long_to_short_urls_controller.rb:11:in `show'
  [1m[36mTRANSACTION (0.7ms)[0m  [1m[35mCOMMIT[0m
  ↳ app/controllers/long_to_short_urls_controller.rb:11:in `show'
Redirected to https://guides.rubyonrails.org/action_controller_overview.html
Completed 302 Found in 13ms (ActiveRecord: 5.9ms | Allocations: 6430)


Started GET "/" for 127.0.0.1 at 2023-05-02 12:20:47 -0400
Processing by LongToShortUrlsController#new as HTML
  Rendering layout layouts/application.html.erb
  Rendering long_to_short_urls/new.html.erb within layouts/application
  Rendered long_to_short_urls/new.html.erb within layouts/application (Duration: 1.1ms | Allocations: 596)
[Webpacker] Everything's up-to-date. Nothing to do
  Rendered layout layouts/application.html.erb (Duration: 9.1ms | Allocations: 4180)
Completed 200 OK in 10ms (Views: 9.6ms | ActiveRecord: 0.0ms | Allocations: 4579)


Started GET "/" for 127.0.0.1 at 2023-05-02 12:20:49 -0400
Processing by LongToShortUrlsController#new as HTML
  Rendering layout layouts/application.html.erb
  Rendering long_to_short_urls/new.html.erb within layouts/application
  Rendered long_to_short_urls/new.html.erb within layouts/application (Duration: 1.8ms | Allocations: 595)
[Webpacker] Everything's up-to-date. Nothing to do
  Rendered layout layouts/application.html.erb (Duration: 8.5ms | Allocations: 4168)
Completed 200 OK in 10ms (Views: 9.1ms | ActiveRecord: 0.0ms | Allocations: 4563)


Started GET "/long_to_short_urls" for 127.0.0.1 at 2023-05-02 12:20:50 -0400
  
ActionController::RoutingError (No route matches [GET] "/long_to_short_urls"):
  
Started GET "/long_to_short_urls/" for 127.0.0.1 at 2023-05-02 12:20:52 -0400
  
ActionController::RoutingError (No route matches [GET] "/long_to_short_urls"):
  
Started GET "/long_to_short_urls/2" for 127.0.0.1 at 2023-05-02 12:20:53 -0400
Processing by LongToShortUrlsController#show as HTML
  Parameters: {"id"=>"2"}
  [1m[36mLongToShortUrl Load (1.8ms)[0m  [1m[34mSELECT "long_to_short_urls".* FROM "long_to_short_urls" WHERE "long_to_short_urls"."id" = $1 LIMIT $2[0m  [["id", 2], ["LIMIT", 1]]
  ↳ app/controllers/long_to_short_urls_controller.rb:7:in `show'
  [1m[36mVisitor Load (4.4ms)[0m  [1m[34mSELECT "visitors".* FROM "visitors" WHERE "visitors"."long_to_short_url_id" = $1 AND "visitors"."ip_address" = $2 LIMIT $3[0m  [["long_to_short_url_id", 2], ["ip_address", "127.0.0.1"], ["LIMIT", 1]]
  ↳ app/controllers/long_to_short_urls_controller.rb:9:in `show'
  [1m[36mTRANSACTION (2.1ms)[0m  [1m[35mBEGIN[0m
  ↳ app/controllers/long_to_short_urls_controller.rb:13:in `show'
  [1m[36mVisitor Update (1.5ms)[0m  [1m[33mUPDATE "visitors" SET "counter" = $1, "updated_at" = $2 WHERE "visitors"."id" = $3[0m  [["counter", 1], ["updated_at", "2023-05-02 16:20:53.142178"], ["id", 2]]
  ↳ app/controllers/long_to_short_urls_controller.rb:13:in `show'
  [1m[36mTRANSACTION (5.2ms)[0m  [1m[35mCOMMIT[0m
  ↳ app/controllers/long_to_short_urls_controller.rb:13:in `show'
Redirected to https://guides.rubyonrails.org/action_controller_overview.html
Completed 302 Found in 29ms (ActiveRecord: 15.0ms | Allocations: 5967)


Started GET "/long_to_short_urls/2/info" for 127.0.0.1 at 2023-05-02 12:20:56 -0400
Processing by LongToShortUrlsController#info as HTML
  Parameters: {"id"=>"2"}
  [1m[36mLongToShortUrl Load (1.7ms)[0m  [1m[34mSELECT "long_to_short_urls".* FROM "long_to_short_urls" WHERE "long_to_short_urls"."id" = $1 LIMIT $2[0m  [["id", 2], ["LIMIT", 1]]
  ↳ app/controllers/long_to_short_urls_controller.rb:40:in `info'
  Rendering layout layouts/application.html.erb
  Rendering long_to_short_urls/info.html.erb within layouts/application
  [1m[36mVisitor Load (2.4ms)[0m  [1m[34mSELECT "visitors".* FROM "visitors" WHERE "visitors"."long_to_short_url_id" = $1[0m  [["long_to_short_url_id", 2]]
  ↳ app/views/long_to_short_urls/info.html.erb:10
  Rendered long_to_short_urls/info.html.erb within layouts/application (Duration: 4.8ms | Allocations: 1232)
[Webpacker] Everything's up-to-date. Nothing to do
  Rendered layout layouts/application.html.erb (Duration: 12.0ms | Allocations: 4823)
Completed 200 OK in 21ms (Views: 10.5ms | ActiveRecord: 4.1ms | Allocations: 6662)


Started GET "/long_to_short_urls/2" for 127.0.0.1 at 2023-05-02 12:21:02 -0400
Processing by LongToShortUrlsController#show as HTML
  Parameters: {"id"=>"2"}
  [1m[36mLongToShortUrl Load (0.9ms)[0m  [1m[34mSELECT "long_to_short_urls".* FROM "long_to_short_urls" WHERE "long_to_short_urls"."id" = $1 LIMIT $2[0m  [["id", 2], ["LIMIT", 1]]
  ↳ app/controllers/long_to_short_urls_controller.rb:7:in `show'
  [1m[36mVisitor Load (1.2ms)[0m  [1m[34mSELECT "visitors".* FROM "visitors" WHERE "visitors"."long_to_short_url_id" = $1 AND "visitors"."ip_address" = $2 LIMIT $3[0m  [["long_to_short_url_id", 2], ["ip_address", "127.0.0.1"], ["LIMIT", 1]]
  ↳ app/controllers/long_to_short_urls_controller.rb:9:in `show'
  [1m[36mTRANSACTION (1.2ms)[0m  [1m[35mBEGIN[0m
  ↳ app/controllers/long_to_short_urls_controller.rb:13:in `show'
  [1m[36mVisitor Update (1.1ms)[0m  [1m[33mUPDATE "visitors" SET "counter" = $1, "updated_at" = $2 WHERE "visitors"."id" = $3[0m  [["counter", 2], ["updated_at", "2023-05-02 16:21:02.102100"], ["id", 2]]
  ↳ app/controllers/long_to_short_urls_controller.rb:13:in `show'
  [1m[36mTRANSACTION (1.0ms)[0m  [1m[35mCOMMIT[0m
  ↳ app/controllers/long_to_short_urls_controller.rb:13:in `show'
Redirected to https://guides.rubyonrails.org/action_controller_overview.html
Completed 302 Found in 13ms (ActiveRecord: 5.4ms | Allocations: 5964)


Started GET "/long_to_short_urls/2/info" for 127.0.0.1 at 2023-05-02 12:21:04 -0400
Processing by LongToShortUrlsController#info as HTML
  Parameters: {"id"=>"2"}
  [1m[36mLongToShortUrl Load (2.0ms)[0m  [1m[34mSELECT "long_to_short_urls".* FROM "long_to_short_urls" WHERE "long_to_short_urls"."id" = $1 LIMIT $2[0m  [["id", 2], ["LIMIT", 1]]
  ↳ app/controllers/long_to_short_urls_controller.rb:40:in `info'
  Rendering layout layouts/application.html.erb
  Rendering long_to_short_urls/info.html.erb within layouts/application
  [1m[36mVisitor Load (2.3ms)[0m  [1m[34mSELECT "visitors".* FROM "visitors" WHERE "visitors"."long_to_short_url_id" = $1[0m  [["long_to_short_url_id", 2]]
  ↳ app/views/long_to_short_urls/info.html.erb:10
  Rendered long_to_short_urls/info.html.erb within layouts/application (Duration: 5.3ms | Allocations: 1232)
[Webpacker] Everything's up-to-date. Nothing to do
  Rendered layout layouts/application.html.erb (Duration: 12.5ms | Allocations: 4811)
Completed 200 OK in 21ms (Views: 11.1ms | ActiveRecord: 4.3ms | Allocations: 6648)


Started GET "/long_to_short_urls/2" for 127.0.0.1 at 2023-05-02 12:21:08 -0400
Processing by LongToShortUrlsController#show as HTML
  Parameters: {"id"=>"2"}
  [1m[36mLongToShortUrl Load (1.0ms)[0m  [1m[34mSELECT "long_to_short_urls".* FROM "long_to_short_urls" WHERE "long_to_short_urls"."id" = $1 LIMIT $2[0m  [["id", 2], ["LIMIT", 1]]
  ↳ app/controllers/long_to_short_urls_controller.rb:7:in `show'
  [1m[36mVisitor Load (1.1ms)[0m  [1m[34mSELECT "visitors".* FROM "visitors" WHERE "visitors"."long_to_short_url_id" = $1 AND "visitors"."ip_address" = $2 LIMIT $3[0m  [["long_to_short_url_id", 2], ["ip_address", "127.0.0.1"], ["LIMIT", 1]]
  ↳ app/controllers/long_to_short_urls_controller.rb:9:in `show'
  [1m[36mTRANSACTION (0.9ms)[0m  [1m[35mBEGIN[0m
  ↳ app/controllers/long_to_short_urls_controller.rb:13:in `show'
  [1m[36mVisitor Update (0.9ms)[0m  [1m[33mUPDATE "visitors" SET "counter" = $1, "updated_at" = $2 WHERE "visitors"."id" = $3[0m  [["counter", 3], ["updated_at", "2023-05-02 16:21:08.436992"], ["id", 2]]
  ↳ app/controllers/long_to_short_urls_controller.rb:13:in `show'
  [1m[36mTRANSACTION (1.0ms)[0m  [1m[35mCOMMIT[0m
  ↳ app/controllers/long_to_short_urls_controller.rb:13:in `show'
Redirected to https://guides.rubyonrails.org/action_controller_overview.html
Completed 302 Found in 12ms (ActiveRecord: 4.9ms | Allocations: 5964)


Started GET "/long_to_short_urls/2/info" for 127.0.0.1 at 2023-05-02 12:21:10 -0400
Processing by LongToShortUrlsController#info as HTML
  Parameters: {"id"=>"2"}
  [1m[36mLongToShortUrl Load (0.9ms)[0m  [1m[34mSELECT "long_to_short_urls".* FROM "long_to_short_urls" WHERE "long_to_short_urls"."id" = $1 LIMIT $2[0m  [["id", 2], ["LIMIT", 1]]
  ↳ app/controllers/long_to_short_urls_controller.rb:40:in `info'
  Rendering layout layouts/application.html.erb
  Rendering long_to_short_urls/info.html.erb within layouts/application
  [1m[36mVisitor Load (2.2ms)[0m  [1m[34mSELECT "visitors".* FROM "visitors" WHERE "visitors"."long_to_short_url_id" = $1[0m  [["long_to_short_url_id", 2]]
  ↳ app/views/long_to_short_urls/info.html.erb:10
  Rendered long_to_short_urls/info.html.erb within layouts/application (Duration: 4.2ms | Allocations: 1232)
[Webpacker] Everything's up-to-date. Nothing to do
  Rendered layout layouts/application.html.erb (Duration: 11.9ms | Allocations: 4806)
Completed 200 OK in 18ms (Views: 10.4ms | ActiveRecord: 3.1ms | Allocations: 6642)


Started GET "/long_to_short_urls/2/info" for 127.0.0.1 at 2023-05-02 12:21:17 -0400
Processing by LongToShortUrlsController#info as HTML
  Parameters: {"id"=>"2"}
  [1m[36mLongToShortUrl Load (1.0ms)[0m  [1m[34mSELECT "long_to_short_urls".* FROM "long_to_short_urls" WHERE "long_to_short_urls"."id" = $1 LIMIT $2[0m  [["id", 2], ["LIMIT", 1]]
  ↳ app/controllers/long_to_short_urls_controller.rb:40:in `info'
  Rendering layout layouts/application.html.erb
  Rendering long_to_short_urls/info.html.erb within layouts/application
  [1m[36mVisitor Load (1.2ms)[0m  [1m[34mSELECT "visitors".* FROM "visitors" WHERE "visitors"."long_to_short_url_id" = $1[0m  [["long_to_short_url_id", 2]]
  ↳ app/views/long_to_short_urls/info.html.erb:10
  Rendered long_to_short_urls/info.html.erb within layouts/application (Duration: 2.7ms | Allocations: 1232)
[Webpacker] Everything's up-to-date. Nothing to do
  Rendered layout layouts/application.html.erb (Duration: 9.1ms | Allocations: 4806)
Completed 200 OK in 14ms (Views: 8.5ms | ActiveRecord: 2.1ms | Allocations: 6642)


Started GET "/" for 127.0.0.1 at 2023-05-02 12:26:36 -0400
Processing by LongToShortUrlsController#new as HTML
  Rendering layout layouts/application.html.erb
  Rendering long_to_short_urls/new.html.erb within layouts/application
  Rendered long_to_short_urls/new.html.erb within layouts/application (Duration: 0.8ms | Allocations: 737)
[Webpacker] Everything's up-to-date. Nothing to do
  Rendered layout layouts/application.html.erb (Duration: 5.6ms | Allocations: 4284)
Completed 200 OK in 26ms (Views: 6.1ms | ActiveRecord: 10.2ms | Allocations: 14280)


Started POST "/long_to_short_urls" for 127.0.0.1 at 2023-05-02 12:26:40 -0400
Processing by LongToShortUrlsController#create as HTML
  Parameters: {"authenticity_token"=>"[FILTERED]", "long_to_short_url"=>{"original_url"=>"https://guides.rubyonrails.org/action_view_overview.html"}, "commit"=>"Create Long to short url"}
  [1m[36mTRANSACTION (2.0ms)[0m  [1m[35mBEGIN[0m
  ↳ app/controllers/long_to_short_urls_controller.rb:26:in `create'
  [1m[36mLongToShortUrl Exists? (2.5ms)[0m  [1m[34mSELECT 1 AS one FROM "long_to_short_urls" WHERE "long_to_short_urls"."short_url" IS NULL LIMIT $1[0m  [["LIMIT", 1]]
  ↳ app/controllers/long_to_short_urls_controller.rb:26:in `create'
  [1m[36mTRANSACTION (1.1ms)[0m  [1m[31mROLLBACK[0m
  ↳ app/controllers/long_to_short_urls_controller.rb:26:in `create'
  Rendering layout layouts/application.html.erb
  Rendering long_to_short_urls/new.html.erb within layouts/application
  Rendered long_to_short_urls/new.html.erb within layouts/application (Duration: 2.7ms | Allocations: 1083)
[Webpacker] Everything's up-to-date. Nothing to do
  Rendered layout layouts/application.html.erb (Duration: 11.9ms | Allocations: 4589)
Completed 200 OK in 27ms (Views: 13.0ms | ActiveRecord: 5.5ms | Allocations: 9594)


Started POST "/long_to_short_urls" for 127.0.0.1 at 2023-05-02 12:26:50 -0400
Processing by LongToShortUrlsController#create as HTML
  Parameters: {"authenticity_token"=>"[FILTERED]", "long_to_short_url"=>{"original_url"=>"https://guides.rubyonrails.org/action_view_overview.html"}, "commit"=>"Create Long to short url"}
  [1m[36mTRANSACTION (1.4ms)[0m  [1m[35mBEGIN[0m
  ↳ app/controllers/long_to_short_urls_controller.rb:26:in `create'
  [1m[36mLongToShortUrl Exists? (1.4ms)[0m  [1m[34mSELECT 1 AS one FROM "long_to_short_urls" WHERE "long_to_short_urls"."short_url" IS NULL LIMIT $1[0m  [["LIMIT", 1]]
  ↳ app/controllers/long_to_short_urls_controller.rb:26:in `create'
  [1m[36mTRANSACTION (0.9ms)[0m  [1m[31mROLLBACK[0m
  ↳ app/controllers/long_to_short_urls_controller.rb:26:in `create'
  Rendering layout layouts/application.html.erb
  Rendering long_to_short_urls/new.html.erb within layouts/application
  Rendered long_to_short_urls/new.html.erb within layouts/application (Duration: 1.3ms | Allocations: 999)
[Webpacker] Everything's up-to-date. Nothing to do
  Rendered layout layouts/application.html.erb (Duration: 6.1ms | Allocations: 4499)
Completed 200 OK in 16ms (Views: 6.5ms | ActiveRecord: 3.7ms | Allocations: 9359)


Started POST "/long_to_short_urls" for 127.0.0.1 at 2023-05-02 12:28:58 -0400
Processing by LongToShortUrlsController#create as HTML
  Parameters: {"authenticity_token"=>"[FILTERED]", "long_to_short_url"=>{"original_url"=>"https://guides.rubyonrails.org/action_view_overview.html"}, "commit"=>"Create Long to short url"}
  [1m[36mTRANSACTION (2.2ms)[0m  [1m[35mBEGIN[0m
  ↳ app/controllers/long_to_short_urls_controller.rb:26:in `create'
  [1m[36mLongToShortUrl Exists? (2.1ms)[0m  [1m[34mSELECT 1 AS one FROM "long_to_short_urls" WHERE "long_to_short_urls"."short_url" IS NULL LIMIT $1[0m  [["LIMIT", 1]]
  ↳ app/controllers/long_to_short_urls_controller.rb:26:in `create'
  [1m[36mTRANSACTION (1.2ms)[0m  [1m[31mROLLBACK[0m
  ↳ app/controllers/long_to_short_urls_controller.rb:26:in `create'
  Rendering layout layouts/application.html.erb
  Rendering long_to_short_urls/new.html.erb within layouts/application
  Rendered long_to_short_urls/new.html.erb within layouts/application (Duration: 2.9ms | Allocations: 999)
[Webpacker] Everything's up-to-date. Nothing to do
  Rendered layout layouts/application.html.erb (Duration: 13.5ms | Allocations: 4494)
Completed 200 OK in 33ms (Views: 15.9ms | ActiveRecord: 5.5ms | Allocations: 9350)


Started POST "/long_to_short_urls" for 127.0.0.1 at 2023-05-02 12:31:38 -0400
Processing by LongToShortUrlsController#create as HTML
  Parameters: {"authenticity_token"=>"[FILTERED]", "long_to_short_url"=>{"original_url"=>"https://guides.rubyonrails.org/action_view_overview.html"}, "commit"=>"Create Long to short url"}
  [1m[36mTRANSACTION (0.8ms)[0m  [1m[35mBEGIN[0m
  ↳ app/models/long_to_short_url.rb:13:in `generate_short_url'
  [1m[36mLongToShortUrl Exists? (1.1ms)[0m  [1m[34mSELECT 1 AS one FROM "long_to_short_urls" WHERE "long_to_short_urls"."short_url" = $1 LIMIT $2[0m  [["short_url", "bf4d9c7"], ["LIMIT", 1]]
  ↳ app/models/long_to_short_url.rb:13:in `generate_short_url'
  [1m[36mLongToShortUrl Create (1.1ms)[0m  [1m[32mINSERT INTO "long_to_short_urls" ("original_url", "short_url", "created_at", "updated_at") VALUES ($1, $2, $3, $4) RETURNING "id"[0m  [["original_url", "https://guides.rubyonrails.org/action_view_overview.html"], ["short_url", "bf4d9c7"], ["created_at", "2023-05-02 16:31:38.140079"], ["updated_at", "2023-05-02 16:31:38.140079"]]
  ↳ app/controllers/long_to_short_urls_controller.rb:26:in `create'
  [1m[36mTRANSACTION (1.5ms)[0m  [1m[35mCOMMIT[0m
  ↳ app/controllers/long_to_short_urls_controller.rb:26:in `create'
Redirected to http://127.0.0.1:3000/long_to_short_urls/3
Completed 302 Found in 22ms (ActiveRecord: 13.4ms | Allocations: 10259)


Started GET "/long_to_short_urls/3" for 127.0.0.1 at 2023-05-02 12:31:38 -0400
Processing by LongToShortUrlsController#show as HTML
  Parameters: {"id"=>"3"}
  [1m[36mLongToShortUrl Load (0.6ms)[0m  [1m[34mSELECT "long_to_short_urls".* FROM "long_to_short_urls" WHERE "long_to_short_urls"."id" = $1 LIMIT $2[0m  [["id", 3], ["LIMIT", 1]]
  ↳ app/controllers/long_to_short_urls_controller.rb:7:in `show'
  [1m[36mVisitor Load (1.0ms)[0m  [1m[34mSELECT "visitors".* FROM "visitors" WHERE "visitors"."long_to_short_url_id" = $1 AND "visitors"."ip_address" = $2 LIMIT $3[0m  [["long_to_short_url_id", 3], ["ip_address", "127.0.0.1"], ["LIMIT", 1]]
  ↳ app/controllers/long_to_short_urls_controller.rb:9:in `show'
  [1m[36mTRANSACTION (0.8ms)[0m  [1m[35mBEGIN[0m
  ↳ app/controllers/long_to_short_urls_controller.rb:11:in `show'
  [1m[36mVisitor Create (1.6ms)[0m  [1m[32mINSERT INTO "visitors" ("long_to_short_url_id", "ip_address", "created_at", "updated_at") VALUES ($1, $2, $3, $4) RETURNING "id"[0m  [["long_to_short_url_id", 3], ["ip_address", "127.0.0.1"], ["created_at", "2023-05-02 16:31:38.168734"], ["updated_at", "2023-05-02 16:31:38.168734"]]
  ↳ app/controllers/long_to_short_urls_controller.rb:11:in `show'
  [1m[36mTRANSACTION (0.8ms)[0m  [1m[35mCOMMIT[0m
  ↳ app/controllers/long_to_short_urls_controller.rb:11:in `show'
Redirected to https://guides.rubyonrails.org/action_view_overview.html
Completed 302 Found in 20ms (ActiveRecord: 10.2ms | Allocations: 11712)


Started GET "/long_to_short_urls" for 127.0.0.1 at 2023-05-02 12:32:08 -0400
  
ActionController::RoutingError (No route matches [GET] "/long_to_short_urls"):
  
Started GET "/long_to_short_urls/" for 127.0.0.1 at 2023-05-02 12:32:13 -0400
  
ActionController::RoutingError (No route matches [GET] "/long_to_short_urls"):
  
Started GET "/long_to_short_urls/3/info" for 127.0.0.1 at 2023-05-02 12:32:16 -0400
Processing by LongToShortUrlsController#info as HTML
  Parameters: {"id"=>"3"}
  [1m[36mLongToShortUrl Load (1.2ms)[0m  [1m[34mSELECT "long_to_short_urls".* FROM "long_to_short_urls" WHERE "long_to_short_urls"."id" = $1 LIMIT $2[0m  [["id", 3], ["LIMIT", 1]]
  ↳ app/controllers/long_to_short_urls_controller.rb:40:in `info'
  Rendering layout layouts/application.html.erb
  Rendering long_to_short_urls/info.html.erb within layouts/application
  [1m[36mVisitor Load (1.6ms)[0m  [1m[34mSELECT "visitors".* FROM "visitors" WHERE "visitors"."long_to_short_url_id" = $1[0m  [["long_to_short_url_id", 3]]
  ↳ app/views/long_to_short_urls/info.html.erb:10
  Rendered long_to_short_urls/info.html.erb within layouts/application (Duration: 3.8ms | Allocations: 1252)
[Webpacker] Everything's up-to-date. Nothing to do
  Rendered layout layouts/application.html.erb (Duration: 13.9ms | Allocations: 4840)
Completed 200 OK in 21ms (Views: 13.5ms | ActiveRecord: 2.8ms | Allocations: 6910)


Started GET "/long_to_short_urls/3" for 127.0.0.1 at 2023-05-02 12:32:22 -0400
Processing by LongToShortUrlsController#show as HTML
  Parameters: {"id"=>"3"}
  [1m[36mLongToShortUrl Load (0.9ms)[0m  [1m[34mSELECT "long_to_short_urls".* FROM "long_to_short_urls" WHERE "long_to_short_urls"."id" = $1 LIMIT $2[0m  [["id", 3], ["LIMIT", 1]]
  ↳ app/controllers/long_to_short_urls_controller.rb:7:in `show'
  [1m[36mVisitor Load (1.0ms)[0m  [1m[34mSELECT "visitors".* FROM "visitors" WHERE "visitors"."long_to_short_url_id" = $1 AND "visitors"."ip_address" = $2 LIMIT $3[0m  [["long_to_short_url_id", 3], ["ip_address", "127.0.0.1"], ["LIMIT", 1]]
  ↳ app/controllers/long_to_short_urls_controller.rb:9:in `show'
  [1m[36mTRANSACTION (1.2ms)[0m  [1m[35mBEGIN[0m
  ↳ app/controllers/long_to_short_urls_controller.rb:13:in `show'
  [1m[36mVisitor Update (1.4ms)[0m  [1m[33mUPDATE "visitors" SET "counter" = $1, "updated_at" = $2 WHERE "visitors"."id" = $3[0m  [["counter", 1], ["updated_at", "2023-05-02 16:32:22.960968"], ["id", 3]]
  ↳ app/controllers/long_to_short_urls_controller.rb:13:in `show'
  [1m[36mTRANSACTION (1.2ms)[0m  [1m[35mCOMMIT[0m
  ↳ app/controllers/long_to_short_urls_controller.rb:13:in `show'
Redirected to https://guides.rubyonrails.org/action_view_overview.html
Completed 302 Found in 15ms (ActiveRecord: 5.8ms | Allocations: 5965)


Started GET "/long_to_short_urls/3/info" for 127.0.0.1 at 2023-05-02 12:32:25 -0400
Processing by LongToShortUrlsController#info as HTML
  Parameters: {"id"=>"3"}
  [1m[36mLongToShortUrl Load (1.0ms)[0m  [1m[34mSELECT "long_to_short_urls".* FROM "long_to_short_urls" WHERE "long_to_short_urls"."id" = $1 LIMIT $2[0m  [["id", 3], ["LIMIT", 1]]
  ↳ app/controllers/long_to_short_urls_controller.rb:40:in `info'
  Rendering layout layouts/application.html.erb
  Rendering long_to_short_urls/info.html.erb within layouts/application
  [1m[36mVisitor Load (1.3ms)[0m  [1m[34mSELECT "visitors".* FROM "visitors" WHERE "visitors"."long_to_short_url_id" = $1[0m  [["long_to_short_url_id", 3]]
  ↳ app/views/long_to_short_urls/info.html.erb:10
  Rendered long_to_short_urls/info.html.erb within layouts/application (Duration: 3.1ms | Allocations: 1232)
[Webpacker] Everything's up-to-date. Nothing to do
  Rendered layout layouts/application.html.erb (Duration: 13.3ms | Allocations: 4817)
Completed 200 OK in 18ms (Views: 12.5ms | ActiveRecord: 2.3ms | Allocations: 6656)


Started GET "/long_to_short_urls/3" for 127.0.0.1 at 2023-05-02 12:32:35 -0400
Processing by LongToShortUrlsController#show as HTML
  Parameters: {"id"=>"3"}
  [1m[36mLongToShortUrl Load (1.1ms)[0m  [1m[34mSELECT "long_to_short_urls".* FROM "long_to_short_urls" WHERE "long_to_short_urls"."id" = $1 LIMIT $2[0m  [["id", 3], ["LIMIT", 1]]
  ↳ app/controllers/long_to_short_urls_controller.rb:7:in `show'
  [1m[36mVisitor Load (1.0ms)[0m  [1m[34mSELECT "visitors".* FROM "visitors" WHERE "visitors"."long_to_short_url_id" = $1 AND "visitors"."ip_address" = $2 LIMIT $3[0m  [["long_to_short_url_id", 3], ["ip_address", "127.0.0.1"], ["LIMIT", 1]]
  ↳ app/controllers/long_to_short_urls_controller.rb:9:in `show'
  [1m[36mTRANSACTION (1.1ms)[0m  [1m[35mBEGIN[0m
  ↳ app/controllers/long_to_short_urls_controller.rb:13:in `show'
  [1m[36mVisitor Update (1.0ms)[0m  [1m[33mUPDATE "visitors" SET "counter" = $1, "updated_at" = $2 WHERE "visitors"."id" = $3[0m  [["counter", 2], ["updated_at", "2023-05-02 16:32:35.613179"], ["id", 3]]
  ↳ app/controllers/long_to_short_urls_controller.rb:13:in `show'
  [1m[36mTRANSACTION (1.0ms)[0m  [1m[35mCOMMIT[0m
  ↳ app/controllers/long_to_short_urls_controller.rb:13:in `show'
Redirected to https://guides.rubyonrails.org/action_view_overview.html
Completed 302 Found in 12ms (ActiveRecord: 5.3ms | Allocations: 5964)


Started GET "/long_to_short_urls/" for 127.0.0.1 at 2023-05-02 12:32:38 -0400
  
ActionController::RoutingError (No route matches [GET] "/long_to_short_urls"):
  
Started GET "/" for 127.0.0.1 at 2023-05-02 12:32:43 -0400
Processing by LongToShortUrlsController#new as HTML
  Rendering layout layouts/application.html.erb
  Rendering long_to_short_urls/new.html.erb within layouts/application
  Rendered long_to_short_urls/new.html.erb within layouts/application (Duration: 2.9ms | Allocations: 727)
[Webpacker] Everything's up-to-date. Nothing to do
  Rendered layout layouts/application.html.erb (Duration: 16.0ms | Allocations: 4300)
Completed 200 OK in 18ms (Views: 16.9ms | ActiveRecord: 0.0ms | Allocations: 4696)


Started GET "/" for 127.0.0.1 at 2023-05-02 12:50:34 -0400
  [1m[35m (2.3ms)[0m  [1m[34mSELECT "schema_migrations"."version" FROM "schema_migrations" ORDER BY "schema_migrations"."version" ASC[0m
Processing by LongToShortUrlsController#new as HTML
  Rendering layout layouts/application.html.erb
  Rendering long_to_short_urls/new.html.erb within layouts/application
  Rendered long_to_short_urls/new.html.erb within layouts/application (Duration: 2.9ms | Allocations: 2780)
[Webpacker] Everything's up-to-date. Nothing to do
  Rendered layout layouts/application.html.erb (Duration: 15.9ms | Allocations: 11783)
Completed 200 OK in 37ms (Views: 17.2ms | ActiveRecord: 13.1ms | Allocations: 19826)


Started POST "/long_to_short_urls" for 127.0.0.1 at 2023-05-02 12:50:43 -0400
Processing by LongToShortUrlsController#create as HTML
  Parameters: {"authenticity_token"=>"[FILTERED]", "long_to_short_url"=>{"original_url"=>"https://guides.rubyonrails.org/action_view_overview.html"}, "commit"=>"Create Long to short url"}
  [1m[36mTRANSACTION (2.0ms)[0m  [1m[35mBEGIN[0m
  ↳ app/models/long_to_short_url.rb:13:in `generate_short_url'
  [1m[36mLongToShortUrl Exists? (2.1ms)[0m  [1m[34mSELECT 1 AS one FROM "long_to_short_urls" WHERE "long_to_short_urls"."short_url" = $1 LIMIT $2[0m  [["short_url", "bf4d9c7"], ["LIMIT", 1]]
  ↳ app/models/long_to_short_url.rb:13:in `generate_short_url'
  [1m[36mLongToShortUrl Exists? (1.5ms)[0m  [1m[34mSELECT 1 AS one FROM "long_to_short_urls" WHERE "long_to_short_urls"."short_url" = $1 LIMIT $2[0m  [["short_url", "8525c4a4cb48b59b0e21c879c514543f8639214b"], ["LIMIT", 1]]
  ↳ app/models/long_to_short_url.rb:13:in `generate_short_url'
  [1m[36mLongToShortUrl Create (1.4ms)[0m  [1m[32mINSERT INTO "long_to_short_urls" ("original_url", "short_url", "created_at", "updated_at") VALUES ($1, $2, $3, $4) RETURNING "id"[0m  [["original_url", "https://guides.rubyonrails.org/action_view_overview.html"], ["short_url", "8525c4a4cb48b59b0e21c879c514543f8639214b"], ["created_at", "2023-05-02 16:50:43.313157"], ["updated_at", "2023-05-02 16:50:43.313157"]]
  ↳ app/controllers/long_to_short_urls_controller.rb:26:in `create'
  [1m[36mTRANSACTION (6.3ms)[0m  [1m[35mCOMMIT[0m
  ↳ app/controllers/long_to_short_urls_controller.rb:26:in `create'
Redirected to http://127.0.0.1:3000/long_to_short_urls/4
Completed 302 Found in 27ms (ActiveRecord: 13.3ms | Allocations: 7113)


Started GET "/long_to_short_urls/4" for 127.0.0.1 at 2023-05-02 12:50:43 -0400
Processing by LongToShortUrlsController#show as HTML
  Parameters: {"id"=>"4"}
  [1m[36mLongToShortUrl Load (1.0ms)[0m  [1m[34mSELECT "long_to_short_urls".* FROM "long_to_short_urls" WHERE "long_to_short_urls"."id" = $1 LIMIT $2[0m  [["id", 4], ["LIMIT", 1]]
  ↳ app/controllers/long_to_short_urls_controller.rb:7:in `show'
  [1m[36mVisitor Load (0.7ms)[0m  [1m[34mSELECT "visitors".* FROM "visitors" WHERE "visitors"."long_to_short_url_id" = $1 AND "visitors"."ip_address" = $2 LIMIT $3[0m  [["long_to_short_url_id", 4], ["ip_address", "127.0.0.1"], ["LIMIT", 1]]
  ↳ app/controllers/long_to_short_urls_controller.rb:9:in `show'
  [1m[36mTRANSACTION (0.5ms)[0m  [1m[35mBEGIN[0m
  ↳ app/controllers/long_to_short_urls_controller.rb:11:in `show'
  [1m[36mVisitor Create (0.8ms)[0m  [1m[32mINSERT INTO "visitors" ("long_to_short_url_id", "ip_address", "created_at", "updated_at") VALUES ($1, $2, $3, $4) RETURNING "id"[0m  [["long_to_short_url_id", 4], ["ip_address", "127.0.0.1"], ["created_at", "2023-05-02 16:50:43.370989"], ["updated_at", "2023-05-02 16:50:43.370989"]]
  ↳ app/controllers/long_to_short_urls_controller.rb:11:in `show'
  [1m[36mTRANSACTION (0.5ms)[0m  [1m[35mCOMMIT[0m
  ↳ app/controllers/long_to_short_urls_controller.rb:11:in `show'
Redirected to https://guides.rubyonrails.org/action_view_overview.html
Completed 302 Found in 24ms (ActiveRecord: 7.6ms | Allocations: 13995)


Started GET "/" for 127.0.0.1 at 2023-05-02 12:50:47 -0400
Processing by LongToShortUrlsController#new as HTML
  Rendering layout layouts/application.html.erb
  Rendering long_to_short_urls/new.html.erb within layouts/application
  Rendered long_to_short_urls/new.html.erb within layouts/application (Duration: 1.8ms | Allocations: 601)
[Webpacker] Everything's up-to-date. Nothing to do
  Rendered layout layouts/application.html.erb (Duration: 11.1ms | Allocations: 4176)
Completed 200 OK in 12ms (Views: 11.7ms | ActiveRecord: 0.0ms | Allocations: 4584)


Started GET "/" for 127.0.0.1 at 2023-05-02 12:50:49 -0400
Processing by LongToShortUrlsController#new as HTML
  Rendering layout layouts/application.html.erb
  Rendering long_to_short_urls/new.html.erb within layouts/application
  Rendered long_to_short_urls/new.html.erb within layouts/application (Duration: 1.0ms | Allocations: 595)
[Webpacker] Everything's up-to-date. Nothing to do
  Rendered layout layouts/application.html.erb (Duration: 6.5ms | Allocations: 4168)
Completed 200 OK in 8ms (Views: 7.0ms | ActiveRecord: 0.0ms | Allocations: 4563)


Started GET "/long_to_short_urls" for 127.0.0.1 at 2023-05-02 12:50:50 -0400
  
ActionController::RoutingError (No route matches [GET] "/long_to_short_urls"):
  
Started GET "/long_to_short_urls/" for 127.0.0.1 at 2023-05-02 12:50:52 -0400
  
ActionController::RoutingError (No route matches [GET] "/long_to_short_urls"):
  
Started GET "/long_to_short_urls/4" for 127.0.0.1 at 2023-05-02 12:50:52 -0400
Processing by LongToShortUrlsController#show as HTML
  Parameters: {"id"=>"4"}
  [1m[36mLongToShortUrl Load (1.0ms)[0m  [1m[34mSELECT "long_to_short_urls".* FROM "long_to_short_urls" WHERE "long_to_short_urls"."id" = $1 LIMIT $2[0m  [["id", 4], ["LIMIT", 1]]
  ↳ app/controllers/long_to_short_urls_controller.rb:7:in `show'
  [1m[36mVisitor Load (1.1ms)[0m  [1m[34mSELECT "visitors".* FROM "visitors" WHERE "visitors"."long_to_short_url_id" = $1 AND "visitors"."ip_address" = $2 LIMIT $3[0m  [["long_to_short_url_id", 4], ["ip_address", "127.0.0.1"], ["LIMIT", 1]]
  ↳ app/controllers/long_to_short_urls_controller.rb:9:in `show'
  [1m[36mTRANSACTION (1.1ms)[0m  [1m[35mBEGIN[0m
  ↳ app/controllers/long_to_short_urls_controller.rb:13:in `show'
  [1m[36mVisitor Update (1.4ms)[0m  [1m[33mUPDATE "visitors" SET "counter" = $1, "updated_at" = $2 WHERE "visitors"."id" = $3[0m  [["counter", 1], ["updated_at", "2023-05-02 16:50:52.770128"], ["id", 4]]
  ↳ app/controllers/long_to_short_urls_controller.rb:13:in `show'
  [1m[36mTRANSACTION (1.0ms)[0m  [1m[35mCOMMIT[0m
  ↳ app/controllers/long_to_short_urls_controller.rb:13:in `show'
Redirected to https://guides.rubyonrails.org/action_view_overview.html
Completed 302 Found in 14ms (ActiveRecord: 5.6ms | Allocations: 6304)


Started GET "/long_to_short_urls/4/info" for 127.0.0.1 at 2023-05-02 12:50:55 -0400
Processing by LongToShortUrlsController#info as HTML
  Parameters: {"id"=>"4"}
  [1m[36mLongToShortUrl Load (1.1ms)[0m  [1m[34mSELECT "long_to_short_urls".* FROM "long_to_short_urls" WHERE "long_to_short_urls"."id" = $1 LIMIT $2[0m  [["id", 4], ["LIMIT", 1]]
  ↳ app/controllers/long_to_short_urls_controller.rb:40:in `info'
  Rendering layout layouts/application.html.erb
  Rendering long_to_short_urls/info.html.erb within layouts/application
  [1m[36mVisitor Load (1.3ms)[0m  [1m[34mSELECT "visitors".* FROM "visitors" WHERE "visitors"."long_to_short_url_id" = $1[0m  [["long_to_short_url_id", 4]]
  ↳ app/views/long_to_short_urls/info.html.erb:10
  Rendered long_to_short_urls/info.html.erb within layouts/application (Duration: 3.7ms | Allocations: 1438)
[Webpacker] Everything's up-to-date. Nothing to do
  Rendered layout layouts/application.html.erb (Duration: 10.1ms | Allocations: 5152)
Completed 200 OK in 16ms (Views: 9.5ms | ActiveRecord: 2.4ms | Allocations: 7297)


Started GET "/long_to_short_urls/5/info" for 127.0.0.1 at 2023-05-02 12:51:06 -0400
Processing by LongToShortUrlsController#info as HTML
  Parameters: {"id"=>"5"}
  [1m[36mLongToShortUrl Load (1.0ms)[0m  [1m[34mSELECT "long_to_short_urls".* FROM "long_to_short_urls" WHERE "long_to_short_urls"."id" = $1 LIMIT $2[0m  [["id", 5], ["LIMIT", 1]]
  ↳ app/controllers/long_to_short_urls_controller.rb:40:in `info'
Completed 404 Not Found in 3ms (ActiveRecord: 1.0ms | Allocations: 1857)


  
ActiveRecord::RecordNotFound (Couldn't find LongToShortUrl with 'id'=5):
  
app/controllers/long_to_short_urls_controller.rb:40:in `info'
Started GET "/long_to_short_urls/3/info" for 127.0.0.1 at 2023-05-02 12:51:12 -0400
Processing by LongToShortUrlsController#info as HTML
  Parameters: {"id"=>"3"}
  [1m[36mLongToShortUrl Load (0.9ms)[0m  [1m[34mSELECT "long_to_short_urls".* FROM "long_to_short_urls" WHERE "long_to_short_urls"."id" = $1 LIMIT $2[0m  [["id", 3], ["LIMIT", 1]]
  ↳ app/controllers/long_to_short_urls_controller.rb:40:in `info'
  Rendering layout layouts/application.html.erb
  Rendering long_to_short_urls/info.html.erb within layouts/application
  [1m[36mVisitor Load (1.4ms)[0m  [1m[34mSELECT "visitors".* FROM "visitors" WHERE "visitors"."long_to_short_url_id" = $1[0m  [["long_to_short_url_id", 3]]
  ↳ app/views/long_to_short_urls/info.html.erb:10
  Rendered long_to_short_urls/info.html.erb within layouts/application (Duration: 2.9ms | Allocations: 1233)
[Webpacker] Everything's up-to-date. Nothing to do
  Rendered layout layouts/application.html.erb (Duration: 10.8ms | Allocations: 4815)
Completed 200 OK in 15ms (Views: 9.9ms | ActiveRecord: 2.3ms | Allocations: 6669)


